<?xml version="1.0" encoding="UTF-8"?>
<testsuite xmlns:xsi="http://www.w3.org/2001/XMLSchema-instance" xsi:noNamespaceSchemaLocation="https://maven.apache.org/surefire/maven-surefire-plugin/xsd/surefire-test-report.xsd" version="3.0.2" name="org.apache.commons.imaging.bytesource.ByteSourceImageTest" time="4.92" tests="132" errors="0" skipped="0" failures="0">
  <properties>
[...]
</properties>
  <testcase name="testGetInputStreamThrowsNullPointerException" classname="org.apache.commons.imaging.bytesource.ByteSourceImageTest" time="0.0"/>
  <testcase name="test(File)[1]" classname="org.apache.commons.imaging.bytesource.ByteSourceImageTest" time="0.109"/>
  <testcase name="test(File)[2]" classname="org.apache.commons.imaging.bytesource.ByteSourceImageTest" time="0.011"/>
  <testcase name="test(File)[3]" classname="org.apache.commons.imaging.bytesource.ByteSourceImageTest" time="0.012"/>
  <testcase name="test(File)[4]" classname="org.apache.commons.imaging.bytesource.ByteSourceImageTest" time="0.008"/>
  <testcase name="test(File)[5]" classname="org.apache.commons.imaging.bytesource.ByteSourceImageTest" time="0.0"/>
  <testcase name="test(File)[6]" classname="org.apache.commons.imaging.bytesource.ByteSourceImageTest" time="0.0"/>
  <testcase name="test(File)[7]" classname="org.apache.commons.imaging.bytesource.ByteSourceImageTest" time="0.574"/>
  <testcase name="test(File)[8]" classname="org.apache.commons.imaging.bytesource.ByteSourceImageTest" time="0.015"/>
  <testcase name="test(File)[9]" classname="org.apache.commons.imaging.bytesource.ByteSourceImageTest" time="0.033"/>
  <testcase name="test(File)[10]" classname="org.apache.commons.imaging.bytesource.ByteSourceImageTest" time="0.018"/>
  <testcase name="test(File)[11]" classname="org.apache.commons.imaging.bytesource.ByteSourceImageTest" time="0.02"/>
  <testcase name="test(File)[12]" classname="org.apache.commons.imaging.bytesource.ByteSourceImageTest" time="0.008"/>
  <testcase name="test(File)[13]" classname="org.apache.commons.imaging.bytesource.ByteSourceImageTest" time="0.02"/>
  <testcase name="test(File)[14]" classname="org.apache.commons.imaging.bytesource.ByteSourceImageTest" time="0.0"/>
  <testcase name="test(File)[15]" classname="org.apache.commons.imaging.bytesource.ByteSourceImageTest" time="0.04"/>
  <testcase name="test(File)[16]" classname="org.apache.commons.imaging.bytesource.ByteSourceImageTest" time="0.009"/>
  <testcase name="test(File)[17]" classname="org.apache.commons.imaging.bytesource.ByteSourceImageTest" time="0.111"/>
  <testcase name="test(File)[18]" classname="org.apache.commons.imaging.bytesource.ByteSourceImageTest" time="0.02"/>
  <testcase name="test(File)[19]" classname="org.apache.commons.imaging.bytesource.ByteSourceImageTest" time="0.01"/>
  <testcase name="test(File)[20]" classname="org.apache.commons.imaging.bytesource.ByteSourceImageTest" time="0.01"/>
  <testcase name="test(File)[21]" classname="org.apache.commons.imaging.bytesource.ByteSourceImageTest" time="0.005"/>
  <testcase name="test(File)[22]" classname="org.apache.commons.imaging.bytesource.ByteSourceImageTest" time="0.0"/>
  <testcase name="test(File)[23]" classname="org.apache.commons.imaging.bytesource.ByteSourceImageTest" time="0.045"/>
  <testcase name="test(File)[24]" classname="org.apache.commons.imaging.bytesource.ByteSourceImageTest" time="0.005"/>
  <testcase name="test(File)[25]" classname="org.apache.commons.imaging.bytesource.ByteSourceImageTest" time="0.011"/>
  <testcase name="test(File)[26]" classname="org.apache.commons.imaging.bytesource.ByteSourceImageTest" time="0.01"/>
  <testcase name="test(File)[27]" classname="org.apache.commons.imaging.bytesource.ByteSourceImageTest" time="0.029"/>
  <testcase name="test(File)[28]" classname="org.apache.commons.imaging.bytesource.ByteSourceImageTest" time="0.008"/>
  <testcase name="test(File)[29]" classname="org.apache.commons.imaging.bytesource.ByteSourceImageTest" time="0.065"/>
  <testcase name="test(File)[30]" classname="org.apache.commons.imaging.bytesource.ByteSourceImageTest" time="0.205"/>
  <testcase name="test(File)[31]" classname="org.apache.commons.imaging.bytesource.ByteSourceImageTest" time="0.506"/>
  <testcase name="test(File)[32]" classname="org.apache.commons.imaging.bytesource.ByteSourceImageTest" time="0.008"/>
  <testcase name="test(File)[33]" classname="org.apache.commons.imaging.bytesource.ByteSourceImageTest" time="0.005"/>
  <testcase name="test(File)[34]" classname="org.apache.commons.imaging.bytesource.ByteSourceImageTest" time="0.005"/>
  <testcase name="test(File)[35]" classname="org.apache.commons.imaging.bytesource.ByteSourceImageTest" time="0.004"/>
  <testcase name="test(File)[36]" classname="org.apache.commons.imaging.bytesource.ByteSourceImageTest" time="0.006"/>
  <testcase name="test(File)[37]" classname="org.apache.commons.imaging.bytesource.ByteSourceImageTest" time="0.004"/>
  <testcase name="test(File)[38]" classname="org.apache.commons.imaging.bytesource.ByteSourceImageTest" time="0.001"/>
  <testcase name="test(File)[39]" classname="org.apache.commons.imaging.bytesource.ByteSourceImageTest" time="0.002"/>
  <testcase name="test(File)[40]" classname="org.apache.commons.imaging.bytesource.ByteSourceImageTest" time="0.002"/>
  <testcase name="test(File)[41]" classname="org.apache.commons.imaging.bytesource.ByteSourceImageTest" time="0.001"/>
  <testcase name="test(File)[42]" classname="org.apache.commons.imaging.bytesource.ByteSourceImageTest" time="0.001"/>
  <testcase name="test(File)[43]" classname="org.apache.commons.imaging.bytesource.ByteSourceImageTest" time="0.002"/>
  <testcase name="test(File)[44]" classname="org.apache.commons.imaging.bytesource.ByteSourceImageTest" time="0.001"/>
  <testcase name="test(File)[45]" classname="org.apache.commons.imaging.bytesource.ByteSourceImageTest" time="0.0"/>
  <testcase name="test(File)[46]" classname="org.apache.commons.imaging.bytesource.ByteSourceImageTest" time="0.002"/>
  <testcase name="test(File)[47]" classname="org.apache.commons.imaging.bytesource.ByteSourceImageTest" time="0.0"/>
  <testcase name="test(File)[48]" classname="org.apache.commons.imaging.bytesource.ByteSourceImageTest" time="0.0"/>
  <testcase name="test(File)[49]" classname="org.apache.commons.imaging.bytesource.ByteSourceImageTest" time="0.0"/>
  <testcase name="test(File)[50]" classname="org.apache.commons.imaging.bytesource.ByteSourceImageTest" time="0.0"/>
  <testcase name="test(File)[51]" classname="org.apache.commons.imaging.bytesource.ByteSourceImageTest" time="0.008"/>
  <testcase name="test(File)[52]" classname="org.apache.commons.imaging.bytesource.ByteSourceImageTest" time="0.083"/>
  <testcase name="test(File)[53]" classname="org.apache.commons.imaging.bytesource.ByteSourceImageTest" time="0.1"/>
  <testcase name="test(File)[54]" classname="org.apache.commons.imaging.bytesource.ByteSourceImageTest" time="0.02"/>
  <testcase name="test(File)[55]" classname="org.apache.commons.imaging.bytesource.ByteSourceImageTest" time="0.011"/>
  <testcase name="test(File)[56]" classname="org.apache.commons.imaging.bytesource.ByteSourceImageTest" time="0.069"/>
  <testcase name="test(File)[57]" classname="org.apache.commons.imaging.bytesource.ByteSourceImageTest" time="0.011"/>
  <testcase name="test(File)[58]" classname="org.apache.commons.imaging.bytesource.ByteSourceImageTest" time="0.01"/>
  <testcase name="test(File)[59]" classname="org.apache.commons.imaging.bytesource.ByteSourceImageTest" time="0.0"/>
  <testcase name="test(File)[60]" classname="org.apache.commons.imaging.bytesource.ByteSourceImageTest" time="0.0"/>
  <testcase name="test(File)[61]" classname="org.apache.commons.imaging.bytesource.ByteSourceImageTest" time="0.01"/>
  <testcase name="test(File)[62]" classname="org.apache.commons.imaging.bytesource.ByteSourceImageTest" time="0.0"/>
  <testcase name="test(File)[63]" classname="org.apache.commons.imaging.bytesource.ByteSourceImageTest" time="0.009"/>
  <testcase name="test(File)[64]" classname="org.apache.commons.imaging.bytesource.ByteSourceImageTest" time="0.13"/>
  <testcase name="test(File)[65]" classname="org.apache.commons.imaging.bytesource.ByteSourceImageTest" time="0.13"/>
  <testcase name="test(File)[66]" classname="org.apache.commons.imaging.bytesource.ByteSourceImageTest" time="0.035"/>
  <testcase name="test(File)[67]" classname="org.apache.commons.imaging.bytesource.ByteSourceImageTest" time="0.155"/>
  <testcase name="test(File)[68]" classname="org.apache.commons.imaging.bytesource.ByteSourceImageTest" time="0.05"/>
  <testcase name="test(File)[69]" classname="org.apache.commons.imaging.bytesource.ByteSourceImageTest" time="0.04"/>
  <testcase name="test(File)[70]" classname="org.apache.commons.imaging.bytesource.ByteSourceImageTest" time="0.06"/>
  <testcase name="test(File)[71]" classname="org.apache.commons.imaging.bytesource.ByteSourceImageTest" time="0.285"/>
  <testcase name="test(File)[72]" classname="org.apache.commons.imaging.bytesource.ByteSourceImageTest" time="0.015"/>
  <testcase name="test(File)[73]" classname="org.apache.commons.imaging.bytesource.ByteSourceImageTest" time="0.025"/>
  <testcase name="test(File)[74]" classname="org.apache.commons.imaging.bytesource.ByteSourceImageTest" time="0.075"/>
  <testcase name="test(File)[75]" classname="org.apache.commons.imaging.bytesource.ByteSourceImageTest" time="0.021"/>
  <testcase name="test(File)[76]" classname="org.apache.commons.imaging.bytesource.ByteSourceImageTest" time="0.019"/>
  <testcase name="test(File)[77]" classname="org.apache.commons.imaging.bytesource.ByteSourceImageTest" time="0.025"/>
  <testcase name="test(File)[78]" classname="org.apache.commons.imaging.bytesource.ByteSourceImageTest" time="0.025"/>
  <testcase name="test(File)[79]" classname="org.apache.commons.imaging.bytesource.ByteSourceImageTest" time="0.0"/>
  <testcase name="test(File)[80]" classname="org.apache.commons.imaging.bytesource.ByteSourceImageTest" time="0.0"/>
  <testcase name="test(File)[81]" classname="org.apache.commons.imaging.bytesource.ByteSourceImageTest" time="0.01"/>
  <testcase name="test(File)[82]" classname="org.apache.commons.imaging.bytesource.ByteSourceImageTest" time="0.01"/>
  <testcase name="test(File)[83]" classname="org.apache.commons.imaging.bytesource.ByteSourceImageTest" time="0.015"/>
  <testcase name="test(File)[84]" classname="org.apache.commons.imaging.bytesource.ByteSourceImageTest" time="0.01"/>
  <testcase name="test(File)[85]" classname="org.apache.commons.imaging.bytesource.ByteSourceImageTest" time="0.004"/>
  <testcase name="test(File)[86]" classname="org.apache.commons.imaging.bytesource.ByteSourceImageTest" time="0.011"/>
  <testcase name="test(File)[87]" classname="org.apache.commons.imaging.bytesource.ByteSourceImageTest" time="0.01"/>
  <testcase name="test(File)[88]" classname="org.apache.commons.imaging.bytesource.ByteSourceImageTest" time="0.07"/>
  <testcase name="test(File)[89]" classname="org.apache.commons.imaging.bytesource.ByteSourceImageTest" time="0.05"/>
  <testcase name="test(File)[90]" classname="org.apache.commons.imaging.bytesource.ByteSourceImageTest" time="0.03"/>
  <testcase name="test(File)[91]" classname="org.apache.commons.imaging.bytesource.ByteSourceImageTest" time="0.021"/>
  <testcase name="test(File)[92]" classname="org.apache.commons.imaging.bytesource.ByteSourceImageTest" time="0.069"/>
  <testcase name="test(File)[93]" classname="org.apache.commons.imaging.bytesource.ByteSourceImageTest" time="0.051"/>
  <testcase name="test(File)[94]" classname="org.apache.commons.imaging.bytesource.ByteSourceImageTest" time="0.045"/>
  <testcase name="test(File)[95]" classname="org.apache.commons.imaging.bytesource.ByteSourceImageTest" time="0.035"/>
  <testcase name="test(File)[96]" classname="org.apache.commons.imaging.bytesource.ByteSourceImageTest" time="0.025"/>
  <testcase name="test(File)[97]" classname="org.apache.commons.imaging.bytesource.ByteSourceImageTest" time="0.065"/>
  <testcase name="test(File)[98]" classname="org.apache.commons.imaging.bytesource.ByteSourceImageTest" time="0.05"/>
  <testcase name="test(File)[99]" classname="org.apache.commons.imaging.bytesource.ByteSourceImageTest" time="0.03"/>
  <testcase name="test(File)[100]" classname="org.apache.commons.imaging.bytesource.ByteSourceImageTest" time="0.032"/>
  <testcase name="test(File)[101]" classname="org.apache.commons.imaging.bytesource.ByteSourceImageTest" time="0.025"/>
  <testcase name="test(File)[102]" classname="org.apache.commons.imaging.bytesource.ByteSourceImageTest" time="0.024"/>
  <testcase name="test(File)[103]" classname="org.apache.commons.imaging.bytesource.ByteSourceImageTest" time="0.014"/>
  <testcase name="test(File)[104]" classname="org.apache.commons.imaging.bytesource.ByteSourceImageTest" time="0.008"/>
  <testcase name="test(File)[105]" classname="org.apache.commons.imaging.bytesource.ByteSourceImageTest" time="0.164"/>
  <testcase name="test(File)[106]" classname="org.apache.commons.imaging.bytesource.ByteSourceImageTest" time="0.02"/>
  <testcase name="test(File)[107]" classname="org.apache.commons.imaging.bytesource.ByteSourceImageTest" time="0.02"/>
  <testcase name="test(File)[108]" classname="org.apache.commons.imaging.bytesource.ByteSourceImageTest" time="0.02"/>
  <testcase name="test(File)[109]" classname="org.apache.commons.imaging.bytesource.ByteSourceImageTest" time="0.03"/>
  <testcase name="test(File)[110]" classname="org.apache.commons.imaging.bytesource.ByteSourceImageTest" time="0.02"/>
  <testcase name="test(File)[111]" classname="org.apache.commons.imaging.bytesource.ByteSourceImageTest" time="0.023"/>
  <testcase name="test(File)[112]" classname="org.apache.commons.imaging.bytesource.ByteSourceImageTest" time="0.024"/>
  <testcase name="test(File)[113]" classname="org.apache.commons.imaging.bytesource.ByteSourceImageTest" time="0.061"/>
  <testcase name="test(File)[114]" classname="org.apache.commons.imaging.bytesource.ByteSourceImageTest" time="0.055"/>
  <testcase name="test(File)[115]" classname="org.apache.commons.imaging.bytesource.ByteSourceImageTest" time="0.011"/>
  <testcase name="test(File)[116]" classname="org.apache.commons.imaging.bytesource.ByteSourceImageTest" time="0.079"/>
  <testcase name="test(File)[117]" classname="org.apache.commons.imaging.bytesource.ByteSourceImageTest" time="0.01"/>
  <testcase name="test(File)[118]" classname="org.apache.commons.imaging.bytesource.ByteSourceImageTest" time="0.08"/>
  <testcase name="test(File)[119]" classname="org.apache.commons.imaging.bytesource.ByteSourceImageTest" time="0.05"/>
  <testcase name="test(File)[120]" classname="org.apache.commons.imaging.bytesource.ByteSourceImageTest" time="0.0"/>
  <testcase name="test(File)[121]" classname="org.apache.commons.imaging.bytesource.ByteSourceImageTest" time="0.005"/>
  <testcase name="test(File)[122]" classname="org.apache.commons.imaging.bytesource.ByteSourceImageTest" time="0.005"/>
  <testcase name="test(File)[123]" classname="org.apache.commons.imaging.bytesource.ByteSourceImageTest" time="0.005"/>
  <testcase name="test(File)[124]" classname="org.apache.commons.imaging.bytesource.ByteSourceImageTest" time="0.0"/>
  <testcase name="test(File)[125]" classname="org.apache.commons.imaging.bytesource.ByteSourceImageTest" time="0.0"/>
  <testcase name="test(File)[126]" classname="org.apache.commons.imaging.bytesource.ByteSourceImageTest" time="0.01"/>
  <testcase name="test(File)[127]" classname="org.apache.commons.imaging.bytesource.ByteSourceImageTest" time="0.0"/>
  <testcase name="test(File)[128]" classname="org.apache.commons.imaging.bytesource.ByteSourceImageTest" time="0.0"/>
  <testcase name="test(File)[129]" classname="org.apache.commons.imaging.bytesource.ByteSourceImageTest" time="0.0"/>
  <testcase name="test(File)[130]" classname="org.apache.commons.imaging.bytesource.ByteSourceImageTest" time="0.01"/>
  <testcase name="test(File)[131]" classname="org.apache.commons.imaging.bytesource.ByteSourceImageTest" time="0.0"/>
</testsuite>